#
# A fatal error has been detected by the Java Runtime Environment:
#
#  SIGSEGV (0xb) at pc=0x0000000101d381d7, pid=22277, tid=0x0000000000004207
#
# JRE version: Java(TM) SE Runtime Environment (8.0_271-b09) (build 1.8.0_271-b09)
# Java VM: Java HotSpot(TM) 64-Bit Server VM (25.271-b09 mixed mode bsd-amd64 compressed oops)
# Problematic frame:
# V  [libjvm.dylib+0x5381d7]  Symbol::as_C_string() const+0xd
#
# Failed to write core dump. Core dumps have been disabled. To enable core dumping, try "ulimit -c unlimited" before starting Java again
#
# If you would like to submit a bug report, please visit:
#   http://bugreport.java.com/bugreport/crash.jsp
#

---------------  T H R E A D  ---------------

Current thread (0x00007fa6a9811000):  JavaThread "JDWP Transport Listener: dt_socket" daemon [_thread_in_vm, id=16903, stack(0x0000700006c7a000,0x0000700006d7a000)]

siginfo: si_signo: 11 (SIGSEGV), si_code: 1 (SEGV_MAPERR), si_addr: 0x0000000000000000

Registers:
RAX=0x00000000000000ca, RBX=0x0000000000000000, RCX=0x000000011b3a6200, RDX=0x0000000000000003
RSP=0x0000700006d79740, RBP=0x0000700006d79760, RSI=0x0000000000000001, RDI=0x0000000000000000
R8 =0x0000000000000001, R9 =0x0000700006d795e0, R10=0x0000000000000003, R11=0xfffff05960c3d3df
R12=0x0000000000000003, R13=0x00007fa6a9811000, R14=0x0000700006d79a88, R15=0x000000011b3a6bd0
RIP=0x0000000101d381d7, EFLAGS=0x0000000000010246, ERR=0x0000000000000004
  TRAPNO=0x000000000000000e

Top of Stack: (sp=0x0000700006d79740)
0x0000700006d79740:   00000000000000ca 000000000000001a
0x0000700006d79750:   0000700006d79a88 000000011b3a6bd0
0x0000700006d79760:   0000700006d797d0 0000000101b9d1f8
0x0000700006d79770:   0000700006d797b0 0000000101d991c9
0x0000700006d79780:   0000700005f4a378 0000000102644bc8
0x0000700006d79790:   00000001026135d0 0000000000000000
0x0000700006d797a0:   0000700005f4a3b8 0000700006d79a88
0x0000700006d797b0:   0000000000000000 00007fa6a9811000
0x0000700006d797c0:   0000700006d79a88 0000000000000001
0x0000700006d797d0:   0000700006d79a70 0000000101db1e5f
0x0000700006d797e0:   000000000000b00e 0f00000000680000
0x0000700006d797f0:   00220000000a0000 0014000000000000
0x0000700006d79800:   0000000000230000 00250000001a0000
0x0000700006d79810:   0022000000000000 69676e652f2f0000
0x0000700006d79820:   6e657478652f656e 7478452f6e6f6973
0x0000700006d79830:   65526e6f69736e65 4c3b797274736967
0x0000700006d79840:   696e756a2f67726f 65746970756a2f74
0x0000700006d79850:   656e69676e652f72 697475636578652f
0x0000700006d79860:   636f766e492f6e6f 746e496e6f697461
0x0000700006d79870:   726f747065637265 6e49246e69616843
0x0000700006d79880:   6f74706563726574 4c293b6c6c614372
0x0000700006d79890:   6e616c2f6176616a 7463656a624f2f67
0x0000700006d798a0:   3a543cec0000003b 616c2f6176616a4c
0x0000700006d798b0:   63656a624f2f676e 67726f4c283e3b74
0x0000700006d798c0:   0000000000000020 00000000000032f4
0x0000700006d798d0:   0000000000000002 00007fa6a3d36fb0
0x0000700006d798e0:   0000000000000002 00000001003e2400
0x0000700006d798f0:   0000700006d79930 00007fff69f0ca3d
0x0000700006d79900:   0000000000000002 00000001003e1a00
0x0000700006d79910:   0000000000000190 00000000000003a5
0x0000700006d79920:   0000000000000019 00007fa6a3d07ac0
0x0000700006d79930:   0000000000000019 00000001003e2400 

Instructions: (pc=0x0000000101d381d7)
0x0000000101d381b7:   48 39 c1 7c f1 eb 02 31 c0 c6 04 06 00 48 89 f0
0x0000000101d381c7:   5d c3 90 55 48 89 e5 41 57 41 56 53 50 48 89 fb
0x0000000101d381d7:   44 0f b7 3b 49 8d 7f 01 45 31 f6 31 f6 e8 c6 b5
0x0000000101d381e7:   fa ff 0f b7 0b 41 39 cf 41 0f 42 cf 85 c9 7e 14 

Register to memory mapping:

RAX=0x00000000000000ca is an unknown value
RBX=0x0000000000000000 is an unknown value
RCX=0x000000011b3a6200 is pointing into metadata
RDX=0x0000000000000003 is an unknown value
RSP=0x0000700006d79740 is pointing into the stack for thread: 0x00007fa6a9811000
RBP=0x0000700006d79760 is pointing into the stack for thread: 0x00007fa6a9811000
RSI=0x0000000000000001 is an unknown value
RDI=0x0000000000000000 is an unknown value
R8 =0x0000000000000001 is an unknown value
R9 =0x0000700006d795e0 is pointing into the stack for thread: 0x00007fa6a9811000
R10=0x0000000000000003 is an unknown value
R11=0xfffff05960c3d3df is an unknown value
R12=0x0000000000000003 is an unknown value
R13=0x00007fa6a9811000 is a thread
R14=0x0000700006d79a88 is pointing into the stack for thread: 0x00007fa6a9811000
R15={method} {0x000000011b3a6bd0} 'insertAndGetPerson' '()V' in 'database/CustomerDAOImplTest'


Stack: [0x0000700006c7a000,0x0000700006d7a000],  sp=0x0000700006d79740,  free space=1021k
Native frames: (J=compiled Java code, j=interpreted, Vv=VM code, C=native code)
V  [libjvm.dylib+0x5381d7]  Symbol::as_C_string() const+0xd
V  [libjvm.dylib+0x39d1f8]  VM_GetOrSetLocal::check_slot_type(javaVFrame*)+0xde
V  [libjvm.dylib+0x5b1e5f]  VMThread::execute(VM_Operation*)+0x169
V  [libjvm.dylib+0x38942f]  JvmtiEnv::GetLocalObject(JavaThread*, int, int, _jobject**)+0x6d
V  [libjvm.dylib+0x34ef4a]  jvmti_GetLocalObject(_jvmtiEnv*, _jobject*, int, int, _jobject**)+0x213
C  [libjdwp.dylib+0x6b22]  getValues+0x186
C  [libjdwp.dylib+0xebff]  debugLoop_run+0x1f1
C  [libjdwp.dylib+0x1f90b]  attachThread+0x4b
V  [libjvm.dylib+0x39be66]  JvmtiAgentThread::call_start_function()+0x38
V  [libjvm.dylib+0x564226]  JavaThread::thread_main_inner()+0x82
V  [libjvm.dylib+0x5640eb]  JavaThread::run()+0x19d
V  [libjvm.dylib+0x48f359]  java_start(Thread*)+0xfa
C  [libsystem_pthread.dylib+0x6109]  _pthread_start+0x94
C  [libsystem_pthread.dylib+0x1b8b]  thread_start+0xf
C  0x0000000000000000


---------------  P R O C E S S  ---------------

Java Threads: ( => current thread )
  0x00007fa6a51da000 JavaThread "mysql-cj-abandoned-connection-cleanup" daemon [_thread_blocked, id=22019, stack(0x0000700007595000,0x0000700007695000)]
  0x00007fa6a706b800 JavaThread "Service Thread" daemon [_thread_blocked, id=43011, stack(0x000070000738f000,0x000070000748f000)]
  0x00007fa6a9821000 JavaThread "C1 CompilerThread3" daemon [_thread_blocked, id=21763, stack(0x000070000728c000,0x000070000738c000)]
  0x00007fa6a9820800 JavaThread "C2 CompilerThread2" daemon [_thread_blocked, id=16131, stack(0x0000700007189000,0x0000700007289000)]
  0x00007fa6a706b000 JavaThread "C2 CompilerThread1" daemon [_thread_blocked, id=15619, stack(0x0000700007086000,0x0000700007186000)]
  0x00007fa6a706a000 JavaThread "C2 CompilerThread0" daemon [_thread_blocked, id=15107, stack(0x0000700006f83000,0x0000700007083000)]
  0x00007fa6a5822000 JavaThread "JDWP Command Reader" daemon [_thread_in_native, id=14595, stack(0x0000700006e80000,0x0000700006f80000)]
  0x00007fa6a4028800 JavaThread "JDWP Event Helper Thread" daemon [_thread_blocked, id=14083, stack(0x0000700006d7d000,0x0000700006e7d000)]
=>0x00007fa6a9811000 JavaThread "JDWP Transport Listener: dt_socket" daemon [_thread_in_vm, id=16903, stack(0x0000700006c7a000,0x0000700006d7a000)]
  0x00007fa6a5808800 JavaThread "Signal Dispatcher" daemon [_thread_blocked, id=13827, stack(0x0000700006b77000,0x0000700006c77000)]
  0x00007fa6a503c000 JavaThread "Finalizer" daemon [_thread_blocked, id=12035, stack(0x000070000696e000,0x0000700006a6e000)]
  0x00007fa6a980e800 JavaThread "Reference Handler" daemon [_thread_blocked, id=19715, stack(0x000070000686b000,0x000070000696b000)]
  0x00007fa6a7009800 JavaThread "main" [_thread_blocked, id=3075, stack(0x0000700005e4d000,0x0000700005f4d000)]

Other Threads:
  0x00007fa6a4028000 VMThread [stack: 0x0000700006768000,0x0000700006868000] [id=20227]
  0x00007fa6a50c4800 WatcherThread [stack: 0x0000700007492000,0x0000700007592000] [id=42499]

VM state:not at safepoint (normal execution)

VM Mutex/Monitor currently owned by a thread: None

heap address: 0x00000006c0000000, size: 4096 MB, Compressed Oops mode: Zero based, Oop shift amount: 3
Narrow klass base: 0x0000000000000000, Narrow klass shift: 3
Compressed class space size: 1073741824 Address: 0x00000007c0000000

Heap:
 PSYoungGen      total 76288K, used 28665K [0x000000076ab00000, 0x0000000770000000, 0x00000007c0000000)
  eden space 65536K, 29% used [0x000000076ab00000,0x000000076bddce48,0x000000076eb00000)
  from space 10752K, 86% used [0x000000076eb00000,0x000000076f4218b8,0x000000076f580000)
  to   space 10752K, 0% used [0x000000076f580000,0x000000076f580000,0x0000000770000000)
 ParOldGen       total 175104K, used 24K [0x00000006c0000000, 0x00000006cab00000, 0x000000076ab00000)
  object space 175104K, 0% used [0x00000006c0000000,0x00000006c0006000,0x00000006cab00000)
 Metaspace       used 16713K, capacity 17774K, committed 18176K, reserved 1064960K
  class space    used 2054K, capacity 2263K, committed 2304K, reserved 1048576K

Card table byte_map: [0x00000001119ce000,0x00000001121cf000] byte_map_base: 0x000000010e3ce000

Marking Bits: (ParMarkBitMap*) 0x0000000101f29768
 Begin Bits: [0x0000000112725000, 0x0000000116725000)
 End Bits:   [0x0000000116725000, 0x000000011a725000)

Polling page: 0x0000000100435000

CodeCache: size=245760Kb used=6257Kb max_used=6268Kb free=239502Kb
 bounds [0x000000010260e000, 0x0000000102c3e000, 0x000000011160e000]
 total_blobs=2157 nmethods=1746 adapters=332
 compilation: enabled

Compilation events (10 events):
Event: 1.587 Thread 0x00007fa6a9821000 nmethod 1744 0x0000000102c1af50 code [0x0000000102c1b0c0, 0x0000000102c1b450]
Event: 1.590 Thread 0x00007fa6a706b000 nmethod 1733 0x0000000102c1a690 code [0x0000000102c1a800, 0x0000000102c1abe8]
Event: 1.590 Thread 0x00007fa6a706b000 1738       4       sun.security.provider.SHA5::lf_delta0 (20 bytes)
Event: 1.590 Thread 0x00007fa6a706b000 nmethod 1738 0x0000000102bec510 code [0x0000000102bec640, 0x0000000102bec698]
Event: 1.592 Thread 0x00007fa6a706a000 nmethod 1707 0x0000000102c31210 code [0x0000000102c314c0, 0x0000000102c329c0]
Event: 1.593 Thread 0x00007fa6a9820800 nmethod 1728 0x0000000102c29390 code [0x0000000102c29500, 0x0000000102c29938]
Event: 1.598 Thread 0x00007fa6a9821000 1745       3       sun.misc.URLClassPath::access$100 (7 bytes)
Event: 1.598 Thread 0x00007fa6a9821000 nmethod 1745 0x0000000102c1a2d0 code [0x0000000102c1a440, 0x0000000102c1a5c8]
Event: 1.600 Thread 0x00007fa6a9821000 1746       3       sun.util.locale.LocaleUtils::isUpper (18 bytes)
Event: 1.600 Thread 0x00007fa6a9821000 nmethod 1746 0x0000000102c19f10 code [0x0000000102c1a080, 0x0000000102c1a250]

GC Heap History (2 events):
Event: 1.264 GC heap before
{Heap before GC invocations=1 (full 0):
 PSYoungGen      total 76288K, used 65536K [0x000000076ab00000, 0x0000000770000000, 0x00000007c0000000)
  eden space 65536K, 100% used [0x000000076ab00000,0x000000076eb00000,0x000000076eb00000)
  from space 10752K, 0% used [0x000000076f580000,0x000000076f580000,0x0000000770000000)
  to   space 10752K, 0% used [0x000000076eb00000,0x000000076eb00000,0x000000076f580000)
 ParOldGen       total 175104K, used 0K [0x00000006c0000000, 0x00000006cab00000, 0x000000076ab00000)
  object space 175104K, 0% used [0x00000006c0000000,0x00000006c0000000,0x00000006cab00000)
 Metaspace       used 13422K, capacity 14496K, committed 14720K, reserved 1062912K
  class space    used 1635K, capacity 1835K, committed 1920K, reserved 1048576K
Event: 1.275 GC heap after
Heap after GC invocations=1 (full 0):
 PSYoungGen      total 76288K, used 9350K [0x000000076ab00000, 0x0000000770000000, 0x00000007c0000000)
  eden space 65536K, 0% used [0x000000076ab00000,0x000000076ab00000,0x000000076eb00000)
  from space 10752K, 86% used [0x000000076eb00000,0x000000076f4218b8,0x000000076f580000)
  to   space 10752K, 0% used [0x000000076f580000,0x000000076f580000,0x0000000770000000)
 ParOldGen       total 175104K, used 24K [0x00000006c0000000, 0x00000006cab00000, 0x000000076ab00000)
  object space 175104K, 0% used [0x00000006c0000000,0x00000006c0006000,0x00000006cab00000)
 Metaspace       used 13422K, capacity 14496K, committed 14720K, reserved 1062912K
  class space    used 1635K, capacity 1835K, committed 1920K, reserved 1048576K
}

Deoptimization events (10 events):
Event: 1.394 Thread 0x00007fa6a7009800 Uncommon trap: reason=unstable_if action=reinterpret pc=0x0000000102b8acec method=java.util.regex.Pattern$SliceI.match(Ljava/util/regex/Matcher;ILjava/lang/CharSequence;)Z @ 18
Event: 1.396 Thread 0x00007fa6a7009800 Uncommon trap: reason=unstable_if action=reinterpret pc=0x0000000102b90b78 method=sun.security.util.AbstractAlgorithmConstraints.checkAlgorithm(Ljava/util/List;Ljava/lang/String;Lsun/security/util/AlgorithmDecomposer;)Z @ 75
Event: 1.441 Thread 0x00007fa6a7009800 Uncommon trap: reason=class_check action=maybe_recompile pc=0x0000000102bc7720 method=sun.security.util.math.intpoly.IntegerPolynomial$MutableElement.setSum(Lsun/security/util/math/IntegerModuloP;)Lsun/security/util/math/intpoly/IntegerPolynomial$MutableE
Event: 1.441 Thread 0x00007fa6a7009800 Uncommon trap: reason=class_check action=maybe_recompile pc=0x0000000102bc7720 method=sun.security.util.math.intpoly.IntegerPolynomial$MutableElement.setSum(Lsun/security/util/math/IntegerModuloP;)Lsun/security/util/math/intpoly/IntegerPolynomial$MutableE
Event: 1.441 Thread 0x00007fa6a7009800 Uncommon trap: reason=class_check action=maybe_recompile pc=0x0000000102bc7720 method=sun.security.util.math.intpoly.IntegerPolynomial$MutableElement.setSum(Lsun/security/util/math/IntegerModuloP;)Lsun/security/util/math/intpoly/IntegerPolynomial$MutableE
Event: 1.441 Thread 0x00007fa6a7009800 Uncommon trap: reason=class_check action=maybe_recompile pc=0x0000000102bc7720 method=sun.security.util.math.intpoly.IntegerPolynomial$MutableElement.setSum(Lsun/security/util/math/IntegerModuloP;)Lsun/security/util/math/intpoly/IntegerPolynomial$MutableE
Event: 1.552 Thread 0x00007fa6a7009800 Uncommon trap: reason=unstable_if action=reinterpret pc=0x0000000102b5024c method=java.util.regex.Matcher.reset()Ljava/util/regex/Matcher; @ 47
Event: 1.552 Thread 0x00007fa6a7009800 Uncommon trap: reason=class_check action=maybe_recompile pc=0x0000000102a934d0 method=java.util.regex.Pattern$Curly.match(Ljava/util/regex/Matcher;ILjava/lang/CharSequence;)Z @ 19
Event: 1.552 Thread 0x00007fa6a7009800 Uncommon trap: reason=class_check action=maybe_recompile pc=0x0000000102a93780 method=java.util.regex.Pattern$Curly.match0(Ljava/util/regex/Matcher;IILjava/lang/CharSequence;)Z @ 31
Event: 1.553 Thread 0x00007fa6a7009800 Uncommon trap: reason=unstable_if action=reinterpret pc=0x0000000102a28a1c method=java.lang.CharacterDataLatin1.digit(II)I @ 82

Classes redefined (2 events):
Event: 765.062 Thread 0x00007fa6a4028000 redefined class name=database.CustomerDAOImplTest, count=1
Event: 1391.449 Thread 0x00007fa6a4028000 redefined class name=database.CustomerDAOImplTest, count=2

Internal exceptions (10 events):
Event: 0.583 Thread 0x00007fa6a7009800 Exception <a 'java/lang/NoSuchMethodError': java.lang.Object.lambda$ofVoidMethod$0(Lorg/junit/jupiter/engine/execution/ExecutableInvoker$ReflectiveInterceptorCall$VoidMethodInterceptorCall;Lorg/junit/jupiter/api/extension/InvocationInterceptor;Lorg/junit/
Event: 0.589 Thread 0x00007fa6a7009800 Exception <a 'java/lang/NoSuchMethodError': java.lang.Object.lambda$accept$0(Lorg/junit/platform/engine/TestDescriptor$Visitor;Lorg/junit/platform/engine/TestDescriptor;)V> (0x000000076c2628d0) thrown at [/jenkins/workspace/8-2-build-macosx-x86_64/jdk8u27
Event: 0.592 Thread 0x00007fa6a7009800 Exception <a 'java/lang/NoSuchMethodError': java.lang.Object.containsTests(Lorg/junit/platform/engine/TestDescriptor;)Z> (0x000000076c2a11a8) thrown at [/jenkins/workspace/8-2-build-macosx-x86_64/jdk8u271/605/hotspot/src/share/vm/interpreter/linkResolver.
Event: 0.603 Thread 0x00007fa6a7009800 Exception <a 'java/lang/IncompatibleClassChangeError': Found class java.lang.Object, but interface was expected> (0x000000076c305360) thrown at [/jenkins/workspace/8-2-build-macosx-x86_64/jdk8u271/605/hotspot/src/share/vm/interpreter/linkResolver.cpp, lin
Event: 0.631 Thread 0x00007fa6a7009800 Exception <a 'java/lang/NoSuchMethodError': java.lang.Object.lambda$comparing$77a9974f$1(Ljava/util/function/Function;Ljava/lang/Object;Ljava/lang/Object;)I> (0x000000076c4bc560) thrown at [/jenkins/workspace/8-2-build-macosx-x86_64/jdk8u271/605/hotspot/s
Event: 0.633 Thread 0x00007fa6a7009800 Exception <a 'java/lang/NoSuchMethodError': java.lang.Object.lambda$thenComparing$36697e65$1(Ljava/util/Comparator;Ljava/lang/Object;Ljava/lang/Object;)I> (0x000000076c4dcd08) thrown at [/jenkins/workspace/8-2-build-macosx-x86_64/jdk8u271/605/hotspot/src/
Event: 0.662 Thread 0x00007fa6a7009800 Exception <a 'java/lang/NoSuchMethodError': java.lang.Object.lambda$and$0(Ljava/util/function/Predicate;Ljava/lang/Object;)Z> (0x000000076c721810) thrown at [/jenkins/workspace/8-2-build-macosx-x86_64/jdk8u271/605/hotspot/src/share/vm/interpreter/linkReso
Event: 0.718 Thread 0x00007fa6a7009800 Exception <a 'java/lang/IncompatibleClassChangeError': Found class java.lang.Object, but interface was expected> (0x000000076cb11fb8) thrown at [/jenkins/workspace/8-2-build-macosx-x86_64/jdk8u271/605/hotspot/src/share/vm/interpreter/linkResolver.cpp, lin
Event: 0.755 Thread 0x00007fa6a7009800 Implicit null exception at 0x00000001028334f6 to 0x00000001028339f1
Event: 1.551 Thread 0x00007fa6a7009800 Exception <a 'java/lang/NullPointerException'> (0x000000076b99d038) thrown at [/jenkins/workspace/8-2-build-macosx-x86_64/jdk8u271/605/hotspot/src/share/vm/interpreter/linkResolver.cpp, line 1185]

Events (10 events):
Event: 1391.485 Executing VM operation: ChangeBreakpoints
Event: 1391.486 Executing VM operation: ChangeBreakpoints done
Event: 1391.488 Executing VM operation: ChangeBreakpoints
Event: 1391.489 Executing VM operation: ChangeBreakpoints done
Event: 1391.490 Executing VM operation: ChangeBreakpoints
Event: 1391.490 Executing VM operation: ChangeBreakpoints done
Event: 1391.491 Executing VM operation: ChangeBreakpoints
Event: 1391.493 Executing VM operation: ChangeBreakpoints done
Event: 1391.496 Executing VM operation: ChangeBreakpoints
Event: 1391.498 Executing VM operation: ChangeBreakpoints done


Dynamic libraries:
0x00007fff2efce000 	/System/Library/Frameworks/Cocoa.framework/Versions/A/Cocoa
0x00007fff3c7b6000 	/System/Library/Frameworks/Security.framework/Versions/A/Security
0x00007fff2df35000 	/System/Library/Frameworks/ApplicationServices.framework/Versions/A/ApplicationServices
0x00007fff69275000 	/usr/lib/libz.1.dylib
0x00007fff66d39000 	/usr/lib/libSystem.B.dylib
0x00007fff2fe6e000 	/System/Library/Frameworks/CoreFoundation.framework/Versions/A/CoreFoundation
0x00007fff32528000 	/System/Library/Frameworks/Foundation.framework/Versions/C/Foundation
0x00007fff68b99000 	/usr/lib/libobjc.A.dylib
0x00007fff2d125000 	/System/Library/Frameworks/AppKit.framework/Versions/C/AppKit
0x00007fff2f952000 	/System/Library/Frameworks/CoreData.framework/Versions/A/CoreData
0x00007fff60d54000 	/System/Library/PrivateFrameworks/UIFoundation.framework/Versions/A/UIFoundation
0x00007fff5bdf8000 	/System/Library/PrivateFrameworks/RemoteViewServices.framework/Versions/A/RemoteViewServices
0x00007fff638a9000 	/System/Library/PrivateFrameworks/XCTTargetBootstrap.framework/Versions/A/XCTTargetBootstrap
0x00007fff2fd3d000 	/System/Library/Frameworks/CoreDisplay.framework/Versions/A/CoreDisplay
0x00007fff353e3000 	/System/Library/Frameworks/Metal.framework/Versions/A/Metal
0x00007fff49e1a000 	/System/Library/PrivateFrameworks/DesktopServicesPriv.framework/Versions/A/DesktopServicesPriv
0x00007fff67e74000 	/usr/lib/liblangid.dylib
0x00007fff490b2000 	/System/Library/PrivateFrameworks/CoreSVG.framework/Versions/A/CoreSVG
0x00007fff5ef51000 	/System/Library/PrivateFrameworks/SkyLight.framework/Versions/A/SkyLight
0x00007fff302ef000 	/System/Library/Frameworks/CoreGraphics.framework/Versions/A/CoreGraphics
0x00007fff2baf9000 	/System/Library/Frameworks/Accelerate.framework/Versions/A/Accelerate
0x00007fff69166000 	/usr/lib/libxml2.2.dylib
0x00007fff54d91000 	/System/Library/PrivateFrameworks/IconServices.framework/Versions/A/IconServices
0x00007fff32d07000 	/System/Library/Frameworks/IOSurface.framework/Versions/A/IOSurface
0x00007fff66863000 	/usr/lib/libDiagnosticMessagesClient.dylib
0x00007fff49c74000 	/System/Library/PrivateFrameworks/DFRFoundation.framework/Versions/A/DFRFoundation
0x00007fff67c03000 	/usr/lib/libicucore.A.dylib
0x00007fff2e267000 	/System/Library/Frameworks/AudioToolbox.framework/Versions/A/AudioToolbox
0x00007fff2e34a000 	/System/Library/Frameworks/AudioUnit.framework/Versions/A/AudioUnit
0x00007fff66f3b000 	/usr/lib/libauto.dylib
0x00007fff49d16000 	/System/Library/PrivateFrameworks/DataDetectorsCore.framework/Versions/A/DataDetectorsCore
0x00007fff2eaef000 	/System/Library/Frameworks/Carbon.framework/Versions/A/Frameworks/HIToolbox.framework/Versions/A/HIToolbox
0x00007fff3b9b3000 	/System/Library/Frameworks/QuartzCore.framework/Versions/A/QuartzCore
0x00007fff2ee2e000 	/System/Library/Frameworks/Carbon.framework/Versions/A/Frameworks/SpeechRecognition.framework/Versions/A/SpeechRecognition
0x00007fff4978b000 	/System/Library/PrivateFrameworks/CoreUI.framework/Versions/A/CoreUI
0x00007fff2f3bd000 	/System/Library/Frameworks/CoreAudio.framework/Versions/A/CoreAudio
0x00007fff321e9000 	/System/Library/Frameworks/DiskArbitration.framework/Versions/A/DiskArbitration
0x00007fff56ddf000 	/System/Library/PrivateFrameworks/MultitouchSupport.framework/Versions/A/MultitouchSupport
0x00007fff67aca000 	/usr/lib/libenergytrace.dylib
0x00007fff32c61000 	/System/Library/Frameworks/IOKit.framework/Versions/A/IOKit
0x00007fff31255000 	/System/Library/Frameworks/CoreServices.framework/Versions/A/CoreServices
0x00007fff58f8e000 	/System/Library/PrivateFrameworks/PerformanceAnalysis.framework/Versions/A/PerformanceAnalysis
0x00007fff3a9e6000 	/System/Library/Frameworks/OpenGL.framework/Versions/A/OpenGL
0x00007fff2efdc000 	/System/Library/Frameworks/ColorSync.framework/Versions/A/ColorSync
0x00007fff30971000 	/System/Library/Frameworks/CoreImage.framework/Versions/A/CoreImage
0x00007fff31cc8000 	/System/Library/Frameworks/CoreText.framework/Versions/A/CoreText
0x00007fff32d97000 	/System/Library/Frameworks/ImageIO.framework/Versions/A/ImageIO
0x00007fff6701f000 	/usr/lib/libc++.1.dylib
0x00007fff6709b000 	/usr/lib/libcompression.dylib
0x00007fff66ba7000 	/usr/lib/libMobileGestalt.dylib
0x00007fff60ac9000 	/System/Library/PrivateFrameworks/TextureIO.framework/Versions/A/TextureIO
0x00007fff66e9e000 	/usr/lib/libate.dylib
0x00007fff54f9a000 	/System/Library/PrivateFrameworks/InternationalSupport.framework/Versions/A/InternationalSupport
0x00007fff69b35000 	/usr/lib/system/libcache.dylib
0x00007fff69b3b000 	/usr/lib/system/libcommonCrypto.dylib
0x00007fff69b47000 	/usr/lib/system/libcompiler_rt.dylib
0x00007fff69b4f000 	/usr/lib/system/libcopyfile.dylib
0x00007fff69b59000 	/usr/lib/system/libcorecrypto.dylib
0x00007fff69cf8000 	/usr/lib/system/libdispatch.dylib
0x00007fff69d39000 	/usr/lib/system/libdyld.dylib
0x00007fff69d70000 	/usr/lib/system/libkeymgr.dylib
0x00007fff69d7e000 	/usr/lib/system/liblaunch.dylib
0x00007fff69d7f000 	/usr/lib/system/libmacho.dylib
0x00007fff69d85000 	/usr/lib/system/libquarantine.dylib
0x00007fff69d88000 	/usr/lib/system/libremovefile.dylib
0x00007fff69d8a000 	/usr/lib/system/libsystem_asl.dylib
0x00007fff69da2000 	/usr/lib/system/libsystem_blocks.dylib
0x00007fff69da3000 	/usr/lib/system/libsystem_c.dylib
0x00007fff69e2b000 	/usr/lib/system/libsystem_configuration.dylib
0x00007fff69e2f000 	/usr/lib/system/libsystem_coreservices.dylib
0x00007fff69e33000 	/usr/lib/system/libsystem_darwin.dylib
0x00007fff69e3c000 	/usr/lib/system/libsystem_dnssd.dylib
0x00007fff69e44000 	/usr/lib/system/libsystem_featureflags.dylib
0x00007fff69e46000 	/usr/lib/system/libsystem_info.dylib
0x00007fff69ec1000 	/usr/lib/system/libsystem_m.dylib
0x00007fff69f09000 	/usr/lib/system/libsystem_malloc.dylib
0x00007fff69f31000 	/usr/lib/system/libsystem_networkextension.dylib
0x00007fff69f3f000 	/usr/lib/system/libsystem_notify.dylib
0x00007fff69f5d000 	/usr/lib/system/libsystem_sandbox.dylib
0x00007fff69f62000 	/usr/lib/system/libsystem_secinit.dylib
0x00007fff69e94000 	/usr/lib/system/libsystem_kernel.dylib
0x00007fff69f49000 	/usr/lib/system/libsystem_platform.dylib
0x00007fff69f52000 	/usr/lib/system/libsystem_pthread.dylib
0x00007fff69f65000 	/usr/lib/system/libsystem_symptoms.dylib
0x00007fff69f6d000 	/usr/lib/system/libsystem_trace.dylib
0x00007fff69f85000 	/usr/lib/system/libunwind.dylib
0x00007fff69f8b000 	/usr/lib/system/libxpc.dylib
0x00007fff67072000 	/usr/lib/libc++abi.dylib
0x00007fff67e76000 	/usr/lib/liblzma.5.dylib
0x00007fff67af1000 	/usr/lib/libfakelink.dylib
0x00007fff66e2b000 	/usr/lib/libarchive.2.dylib
0x00007fff3d867000 	/System/Library/Frameworks/SystemConfiguration.framework/Versions/A/SystemConfiguration
0x00007fff66796000 	/usr/lib/libCRFSuite.dylib
0x00007fff2e6e0000 	/System/Library/Frameworks/CFNetwork.framework/Versions/A/CFNetwork
0x00007fff67001000 	/usr/lib/libbsm.0.dylib
0x00007fff69d71000 	/usr/lib/system/libkxld.dylib
0x00007fff43600000 	/System/Library/PrivateFrameworks/AppleFSCompression.framework/Versions/A/AppleFSCompression
0x00007fff6738c000 	/usr/lib/libcoretls.dylib
0x00007fff673a3000 	/usr/lib/libcoretls_cfhelpers.dylib
0x00007fff68bdf000 	/usr/lib/libpam.2.dylib
0x00007fff68d14000 	/usr/lib/libsqlite3.dylib
0x00007fff69153000 	/usr/lib/libxar.1.dylib
0x00007fff67012000 	/usr/lib/libbz2.1.0.dylib
0x00007fff67b12000 	/usr/lib/libiconv.2.dylib
0x00007fff67088000 	/usr/lib/libcharset.1.dylib
0x00007fff6867c000 	/usr/lib/libnetwork.dylib
0x00007fff68be6000 	/usr/lib/libpcap.A.dylib
0x00007fff66de0000 	/usr/lib/libapple_nghttp2.dylib
0x00007fff3160c000 	/System/Library/Frameworks/CoreServices.framework/Versions/A/Frameworks/FSEvents.framework/Versions/A/FSEvents
0x00007fff312dc000 	/System/Library/Frameworks/CoreServices.framework/Versions/A/Frameworks/CarbonCore.framework/Versions/A/CarbonCore
0x00007fff31850000 	/System/Library/Frameworks/CoreServices.framework/Versions/A/Frameworks/Metadata.framework/Versions/A/Metadata
0x00007fff318e9000 	/System/Library/Frameworks/CoreServices.framework/Versions/A/Frameworks/OSServices.framework/Versions/A/OSServices
0x00007fff31917000 	/System/Library/Frameworks/CoreServices.framework/Versions/A/Frameworks/SearchKit.framework/Versions/A/SearchKit
0x00007fff31256000 	/System/Library/Frameworks/CoreServices.framework/Versions/A/Frameworks/AE.framework/Versions/A/AE
0x00007fff31615000 	/System/Library/Frameworks/CoreServices.framework/Versions/A/Frameworks/LaunchServices.framework/Versions/A/LaunchServices
0x00007fff315be000 	/System/Library/Frameworks/CoreServices.framework/Versions/A/Frameworks/DictionaryServices.framework/Versions/A/DictionaryServices
0x00007fff3197f000 	/System/Library/Frameworks/CoreServices.framework/Versions/A/Frameworks/SharedFileList.framework/Versions/A/SharedFileList
0x00007fff36806000 	/System/Library/Frameworks/NetFS.framework/Versions/A/NetFS
0x00007fff5730f000 	/System/Library/PrivateFrameworks/NetAuth.framework/Versions/A/NetAuth
0x00007fff63c76000 	/System/Library/PrivateFrameworks/login.framework/Versions/A/Frameworks/loginsupport.framework/Versions/A/loginsupport
0x00007fff60594000 	/System/Library/PrivateFrameworks/TCC.framework/Versions/A/TCC
0x00007fff48225000 	/System/Library/PrivateFrameworks/CoreNLP.framework/Versions/A/CoreNLP
0x00007fff5680c000 	/System/Library/PrivateFrameworks/MetadataUtilities.framework/Versions/A/MetadataUtilities
0x00007fff67f4e000 	/usr/lib/libmecabra.dylib
0x00007fff67ea6000 	/usr/lib/libmecab.dylib
0x00007fff67b02000 	/usr/lib/libgermantok.dylib
0x00007fff66dc7000 	/usr/lib/libThaiTokenizer.dylib
0x00007fff667cd000 	/usr/lib/libChineseTokenizer.dylib
0x00007fff2bb11000 	/System/Library/Frameworks/Accelerate.framework/Versions/A/Frameworks/vImage.framework/Versions/A/vImage
0x00007fff2cf7b000 	/System/Library/Frameworks/Accelerate.framework/Versions/A/Frameworks/vecLib.framework/Versions/A/vecLib
0x00007fff2ceb8000 	/System/Library/Frameworks/Accelerate.framework/Versions/A/Frameworks/vecLib.framework/Versions/A/libvMisc.dylib
0x00007fff2cce0000 	/System/Library/Frameworks/Accelerate.framework/Versions/A/Frameworks/vecLib.framework/Versions/A/libvDSP.dylib
0x00007fff2c168000 	/System/Library/Frameworks/Accelerate.framework/Versions/A/Frameworks/vecLib.framework/Versions/A/libBLAS.dylib
0x00007fff2c8a4000 	/System/Library/Frameworks/Accelerate.framework/Versions/A/Frameworks/vecLib.framework/Versions/A/libLAPACK.dylib
0x00007fff2cc40000 	/System/Library/Frameworks/Accelerate.framework/Versions/A/Frameworks/vecLib.framework/Versions/A/libLinearAlgebra.dylib
0x00007fff2cccd000 	/System/Library/Frameworks/Accelerate.framework/Versions/A/Frameworks/vecLib.framework/Versions/A/libSparseBLAS.dylib
0x00007fff2cc56000 	/System/Library/Frameworks/Accelerate.framework/Versions/A/Frameworks/vecLib.framework/Versions/A/libQuadrature.dylib
0x00007fff2c3d0000 	/System/Library/Frameworks/Accelerate.framework/Versions/A/Frameworks/vecLib.framework/Versions/A/libBNNS.dylib
0x00007fff2cc5c000 	/System/Library/Frameworks/Accelerate.framework/Versions/A/Frameworks/vecLib.framework/Versions/A/libSparse.dylib
0x00007fff55382000 	/System/Library/PrivateFrameworks/LanguageModeling.framework/Versions/A/LanguageModeling
0x00007fff47bd5000 	/System/Library/PrivateFrameworks/CoreEmoji.framework/Versions/A/CoreEmoji
0x00007fff554a0000 	/System/Library/PrivateFrameworks/LinguisticData.framework/Versions/A/LinguisticData
0x00007fff55451000 	/System/Library/PrivateFrameworks/Lexicon.framework/Versions/A/Lexicon
0x00007fff67089000 	/usr/lib/libcmph.dylib
0x00007fff393f4000 	/System/Library/Frameworks/OpenDirectory.framework/Versions/A/Frameworks/CFOpenDirectory.framework/Versions/A/CFOpenDirectory
0x00007fff39411000 	/System/Library/Frameworks/OpenDirectory.framework/Versions/A/OpenDirectory
0x00007fff41836000 	/System/Library/PrivateFrameworks/APFS.framework/Versions/A/APFS
0x00007fff3cb00000 	/System/Library/Frameworks/SecurityFoundation.framework/Versions/A/SecurityFoundation
0x00007fff6914f000 	/usr/lib/libutil.dylib
0x00007fff4910a000 	/System/Library/PrivateFrameworks/CoreServicesStore.framework/Versions/A/CoreServicesStore
0x00007fff3cbb7000 	/System/Library/Frameworks/ServiceManagement.framework/Versions/A/ServiceManagement
0x00007fff44dcf000 	/System/Library/PrivateFrameworks/BackgroundTaskManagement.framework/Versions/A/BackgroundTaskManagement
0x00007fff6924c000 	/usr/lib/libxslt.1.dylib
0x00007fff43c73000 	/System/Library/PrivateFrameworks/AppleSystemInfo.framework/Versions/A/AppleSystemInfo
0x00007fff32fb2000 	/System/Library/Frameworks/ImageIO.framework/Versions/A/Resources/libJPEG.dylib
0x00007fff3326e000 	/System/Library/Frameworks/ImageIO.framework/Versions/A/Resources/libTIFF.dylib
0x00007fff33251000 	/System/Library/Frameworks/ImageIO.framework/Versions/A/Resources/libPng.dylib
0x00007fff32ef4000 	/System/Library/Frameworks/ImageIO.framework/Versions/A/Resources/libGIF.dylib
0x00007fff32ef8000 	/System/Library/Frameworks/ImageIO.framework/Versions/A/Resources/libJP2.dylib
0x00007fff3326c000 	/System/Library/Frameworks/ImageIO.framework/Versions/A/Resources/libRadiance.dylib
0x00007fff67acb000 	/usr/lib/libexpat.1.dylib
0x00007fff4375b000 	/System/Library/PrivateFrameworks/AppleJPEG.framework/Versions/A/AppleJPEG
0x00007fff4c3f3000 	/System/Library/PrivateFrameworks/FontServices.framework/libFontParser.dylib
0x00007fff62c7b000 	/System/Library/PrivateFrameworks/WatchdogClient.framework/Versions/A/WatchdogClient
0x00007fff549dd000 	/System/Library/PrivateFrameworks/IOAccelerator.framework/Versions/A/IOAccelerator
0x00007fff3577e000 	/System/Library/Frameworks/MetalPerformanceShaders.framework/Versions/A/MetalPerformanceShaders
0x00007fff51174000 	/System/Library/PrivateFrameworks/GPUWrangler.framework/Versions/A/GPUWrangler
0x00007fff549f2000 	/System/Library/PrivateFrameworks/IOPresentment.framework/Versions/A/IOPresentment
0x00007fff49c87000 	/System/Library/PrivateFrameworks/DSExternalDisplay.framework/Versions/A/DSExternalDisplay
0x00007fff39d85000 	/System/Library/Frameworks/OpenGL.framework/Versions/A/Libraries/libCoreFSCache.dylib
0x00007fff354ca000 	/System/Library/Frameworks/MetalPerformanceShaders.framework/Frameworks/MPSCore.framework/Versions/A/MPSCore
0x00007fff35508000 	/System/Library/Frameworks/MetalPerformanceShaders.framework/Frameworks/MPSImage.framework/Versions/A/MPSImage
0x00007fff355cf000 	/System/Library/Frameworks/MetalPerformanceShaders.framework/Frameworks/MPSNeuralNetwork.framework/Versions/A/MPSNeuralNetwork
0x00007fff35593000 	/System/Library/Frameworks/MetalPerformanceShaders.framework/Frameworks/MPSMatrix.framework/Versions/A/MPSMatrix
0x00007fff3572e000 	/System/Library/Frameworks/MetalPerformanceShaders.framework/Frameworks/MPSRayIntersector.framework/Versions/A/MPSRayIntersector
0x00007fff355b9000 	/System/Library/Frameworks/MetalPerformanceShaders.framework/Frameworks/MPSNDArray.framework/Versions/A/MPSNDArray
0x00007fff56859000 	/System/Library/PrivateFrameworks/MetalTools.framework/Versions/A/MetalTools
0x00007fff42a0b000 	/System/Library/PrivateFrameworks/AggregateDictionary.framework/Versions/A/AggregateDictionary
0x00007fff4761f000 	/System/Library/PrivateFrameworks/CoreAnalytics.framework/Versions/A/CoreAnalytics
0x00007fff43b92000 	/System/Library/PrivateFrameworks/AppleSauce.framework/Versions/A/AppleSauce
0x00007fff66a89000 	/usr/lib/libIOReport.dylib
0x00007fff31e80000 	/System/Library/Frameworks/CoreVideo.framework/Versions/A/CoreVideo
0x00007fff525ee000 	/System/Library/PrivateFrameworks/GraphVisualizer.framework/Versions/A/GraphVisualizer
0x00007fff4b93a000 	/System/Library/PrivateFrameworks/FaceCore.framework/Versions/A/FaceCore
0x00007fff3939b000 	/System/Library/Frameworks/OpenCL.framework/Versions/A/OpenCL
0x00007fff668ab000 	/usr/lib/libFosl_dynamic.dylib
0x00007fff57d2f000 	/System/Library/PrivateFrameworks/OTSVG.framework/Versions/A/OTSVG
0x00007fff2e03a000 	/System/Library/Frameworks/ApplicationServices.framework/Versions/A/Frameworks/ATS.framework/Versions/A/Resources/libFontRegistry.dylib
0x00007fff4c5c5000 	/System/Library/PrivateFrameworks/FontServices.framework/libhvf.dylib
0x00007fff39d90000 	/System/Library/Frameworks/OpenGL.framework/Versions/A/Libraries/libGFXShared.dylib
0x00007fff39f6e000 	/System/Library/Frameworks/OpenGL.framework/Versions/A/Libraries/libGLU.dylib
0x00007fff39d99000 	/System/Library/Frameworks/OpenGL.framework/Versions/A/Libraries/libGL.dylib
0x00007fff39da4000 	/System/Library/Frameworks/OpenGL.framework/Versions/A/Libraries/libGLImage.dylib
0x00007fff39d82000 	/System/Library/Frameworks/OpenGL.framework/Versions/A/Libraries/libCVMSPluginSupport.dylib
0x00007fff39d8b000 	/System/Library/Frameworks/OpenGL.framework/Versions/A/Libraries/libCoreVMClient.dylib
0x00007fff6851d000 	/usr/lib/libncurses.5.4.dylib
0x00007fff2df36000 	/System/Library/Frameworks/ApplicationServices.framework/Versions/A/Frameworks/ATS.framework/Versions/A/ATS
0x00007fff2e103000 	/System/Library/Frameworks/ApplicationServices.framework/Versions/A/Frameworks/ColorSyncLegacy.framework/Versions/A/ColorSyncLegacy
0x00007fff2e1a1000 	/System/Library/Frameworks/ApplicationServices.framework/Versions/A/Frameworks/HIServices.framework/Versions/A/HIServices
0x00007fff2e1f9000 	/System/Library/Frameworks/ApplicationServices.framework/Versions/A/Frameworks/LangAnalysis.framework/Versions/A/LangAnalysis
0x00007fff2e208000 	/System/Library/Frameworks/ApplicationServices.framework/Versions/A/Frameworks/PrintCore.framework/Versions/A/PrintCore
0x00007fff2e24e000 	/System/Library/Frameworks/ApplicationServices.framework/Versions/A/Frameworks/QD.framework/Versions/A/QD
0x00007fff2e259000 	/System/Library/Frameworks/ApplicationServices.framework/Versions/A/Frameworks/SpeechSynthesis.framework/Versions/A/SpeechSynthesis
0x00007fff2e0d3000 	/System/Library/Frameworks/ApplicationServices.framework/Versions/A/Frameworks/ATSUI.framework/Versions/A/ATSUI
0x00007fff67961000 	/usr/lib/libcups.2.dylib
0x00007fff34819000 	/System/Library/Frameworks/Kerberos.framework/Versions/A/Kerberos
0x00007fff3295a000 	/System/Library/Frameworks/GSS.framework/Versions/A/GSS
0x00007fff68ca0000 	/usr/lib/libresolv.9.dylib
0x00007fff5279b000 	/System/Library/PrivateFrameworks/Heimdal.framework/Versions/A/Heimdal
0x00007fff3482c000 	/System/Library/Frameworks/Kerberos.framework/Versions/A/Libraries/libHeimdalProxy.dylib
0x00007fff67b08000 	/usr/lib/libheimdal-asn1.dylib
0x00007fff46aba000 	/System/Library/PrivateFrameworks/CommonAuth.framework/Versions/A/CommonAuth
0x00007fff43d10000 	/System/Library/PrivateFrameworks/AssertionServices.framework/Versions/A/AssertionServices
0x00007fff448b2000 	/System/Library/PrivateFrameworks/AudioToolboxCore.framework/Versions/A/AudioToolboxCore
0x00007fff63926000 	/System/Library/PrivateFrameworks/caulk.framework/Versions/A/caulk
0x00007fff44e7b000 	/System/Library/PrivateFrameworks/BaseBoard.framework/Versions/A/BaseBoard
0x00007fff5bf86000 	/System/Library/PrivateFrameworks/RunningBoardServices.framework/Versions/A/RunningBoardServices
0x00007fff58f9a000 	/System/Library/PrivateFrameworks/PersistentConnection.framework/Versions/A/PersistentConnection
0x00007fff5b980000 	/System/Library/PrivateFrameworks/ProtocolBuffer.framework/Versions/A/ProtocolBuffer
0x00007fff46ade000 	/System/Library/PrivateFrameworks/CommonUtilities.framework/Versions/A/CommonUtilities
0x00007fff45009000 	/System/Library/PrivateFrameworks/Bom.framework/Versions/A/Bom
0x00007fff6675c000 	/usr/lib/libAudioToolboxUtility.dylib
0x00007fff44dd9000 	/System/Library/PrivateFrameworks/Backup.framework/Versions/A/Backup
0x00007fff49ba8000 	/System/Library/PrivateFrameworks/CrashReporterSupport.framework/Versions/A/CrashReporterSupport
0x00007fff5da17000 	/System/Library/PrivateFrameworks/Sharing.framework/Versions/A/Sharing
0x00007fff4331e000 	/System/Library/PrivateFrameworks/Apple80211.framework/Versions/A/Apple80211
0x00007fff44af6000 	/System/Library/PrivateFrameworks/AuthKit.framework/Versions/A/AuthKit
0x00007fff498b8000 	/System/Library/PrivateFrameworks/CoreUtils.framework/Versions/A/CoreUtils
0x00007fff31ec5000 	/System/Library/Frameworks/CoreWLAN.framework/Versions/A/CoreWLAN
0x00007fff32ae7000 	/System/Library/Frameworks/IOBluetooth.framework/Versions/A/IOBluetooth
0x00007fff56b5e000 	/System/Library/PrivateFrameworks/MobileKeyBag.framework/Versions/A/MobileKeyBag
0x00007fff486bd000 	/System/Library/PrivateFrameworks/CorePhoneNumbers.framework/Versions/A/CorePhoneNumbers
0x00007fff4370e000 	/System/Library/PrivateFrameworks/AppleIDAuthSupport.framework/Versions/A/AppleIDAuthSupport
0x00007fff36813000 	/System/Library/Frameworks/Network.framework/Versions/A/Network
0x00007fff5522e000 	/System/Library/PrivateFrameworks/KeychainCircle.framework/Versions/A/KeychainCircle
0x00007fff2f919000 	/System/Library/Frameworks/CoreBluetooth.framework/Versions/A/CoreBluetooth
0x00007fff5fa94000 	/System/Library/PrivateFrameworks/SpeechRecognitionCore.framework/Versions/A/SpeechRecognitionCore
0x0000000101800000 	/Library/Java/JavaVirtualMachines/jdk1.8.0_271.jdk/Contents/Home/jre/lib/server/libjvm.dylib
0x00000001003f1000 	/Library/Java/JavaVirtualMachines/jdk1.8.0_271.jdk/Contents/Home/jre/lib/libverify.dylib
0x0000000100402000 	/Library/Java/JavaVirtualMachines/jdk1.8.0_271.jdk/Contents/Home/jre/lib/libjava.dylib
0x0000000100436000 	/Library/Java/JavaVirtualMachines/jdk1.8.0_271.jdk/Contents/Home/jre/lib/libjdwp.dylib
0x0000000100480000 	/Library/Java/JavaVirtualMachines/jdk1.8.0_271.jdk/Contents/Home/jre/lib/libnpt.dylib
0x0000000100489000 	/Library/Java/JavaVirtualMachines/jdk1.8.0_271.jdk/Contents/Home/jre/lib/libinstrument.dylib
0x00000001004f8000 	/Library/Java/JavaVirtualMachines/jdk1.8.0_271.jdk/Contents/Home/jre/lib/libzip.dylib
0x000000010066b000 	/Library/Java/JavaVirtualMachines/jdk1.8.0_271.jdk/Contents/Home/jre/lib/libdt_socket.dylib
0x000000011d697000 	/Library/Java/JavaVirtualMachines/jdk1.8.0_271.jdk/Contents/Home/jre/lib/libnet.dylib
0x000000011d8cb000 	/Library/Java/JavaVirtualMachines/jdk1.8.0_271.jdk/Contents/Home/jre/lib/libsunec.dylib
0x000000011d8f9000 	/Library/Java/JavaVirtualMachines/jdk1.8.0_271.jdk/Contents/Home/jre/lib/libnio.dylib

VM Arguments:
jvm_args: -agentlib:jdwp=transport=dt_socket,address=127.0.0.1:53455,suspend=y,server=n -ea -Didea.test.cyclic.buffer.size=1048576 -javaagent:/Users/ashcherbak/Library/Caches/JetBrains/IntelliJIdea2020.2/captureAgent/debugger-agent.jar -Dfile.encoding=UTF-8 
java_command: com.intellij.rt.junit.JUnitStarter -ideVersion5 -junit5 database.CustomerDAOImplTest,insertAndGetPerson
java_class_path (initial): /Applications/IntelliJ IDEA.app/Contents/lib/idea_rt.jar:/Users/ashcherbak/.m2/repository/org/junit/platform/junit-platform-launcher/1.6.2/junit-platform-launcher-1.6.2.jar:/Users/ashcherbak/.m2/repository/org/junit/vintage/junit-vintage-engine/5.6.2/junit-vintage-engine-5.6.2.jar:/Users/ashcherbak/.m2/repository/junit/junit/4.13/junit-4.13.jar:/Users/ashcherbak/.m2/repository/org/hamcrest/hamcrest-core/1.3/hamcrest-core-1.3.jar:/Applications/IntelliJ IDEA.app/Contents/plugins/junit/lib/junit5-rt.jar:/Applications/IntelliJ IDEA.app/Contents/plugins/junit/lib/junit-rt.jar:/Library/Java/JavaVirtualMachines/jdk1.8.0_271.jdk/Contents/Home/jre/lib/charsets.jar:/Library/Java/JavaVirtualMachines/jdk1.8.0_271.jdk/Contents/Home/jre/lib/deploy.jar:/Library/Java/JavaVirtualMachines/jdk1.8.0_271.jdk/Contents/Home/jre/lib/ext/cldrdata.jar:/Library/Java/JavaVirtualMachines/jdk1.8.0_271.jdk/Contents/Home/jre/lib/ext/dnsns.jar:/Library/Java/JavaVirtualMachines/jdk1.8.0_271.jdk/Contents/Home/jre/lib/ext/jaccess.jar:/Library/Java/JavaVirtualMachines/jdk1.8.0_271.jdk/Contents/Home/jre/lib/ext/jfxrt.jar:/Library/Java/JavaVirtualMachines/jdk1.8.0_271.jdk/Contents/Home/jre/lib/ext/localedata.jar:/Library/Java/JavaVirtualMachines/jdk1.8.0_271.jdk/Contents/Home/jre/lib/ext/nashorn.jar:/Library/Java/JavaVirtualMachines/jdk1.8.0_271.jdk/Contents/Home/jre/lib/ext/sunec.jar:/Library/Java/JavaVirtualMachines/jdk1.8.0_271.jdk/Contents/Home/jre/lib/ext/sunjce_provider.jar:/Library/Java/JavaVirtualMachines/jdk1.8.0_271.jdk/Contents/Home/jre/lib/ext/sunpkcs11.jar:/Library/Java/JavaVirtualMachines/jdk1.8.0_271.jdk/Contents/Home/jre/lib/ext/zipfs.jar:/Library/Java/JavaVirtualMachines/jdk1.8.0_271.jdk/Contents/Home/jre/lib/javaws.jar:/Library/Java/JavaVirtualMachines/jdk1.8.0_271.jdk/Contents/Home/jre/lib/jce.jar:/Library/Java/JavaVirtualMachines/jdk1.8.0_271.jdk/Contents/Home/jre/lib/jfr.jar:/Library/Java/JavaVirtualMachines/jdk1.8.0_271.jdk/Contents/Home/jre/lib/jfxswt.j
Launcher Type: SUN_STANDARD

Environment Variables:
PATH=/usr/local/bin:/usr/bin:/bin:/usr/sbin:/sbin:/usr/local/munki
SHELL=/bin/zsh

Signal Handlers:
SIGSEGV: [libjvm.dylib+0x5a0dcb], sa_mask[0]=11111111011111110111111111111111, sa_flags=SA_ONSTACK|SA_RESTART|SA_SIGINFO
SIGBUS: [libjvm.dylib+0x5a0dcb], sa_mask[0]=11111111011111110111111111111111, sa_flags=SA_RESTART|SA_SIGINFO
SIGFPE: [libjvm.dylib+0x491731], sa_mask[0]=11111111011111110111111111111111, sa_flags=SA_RESTART|SA_SIGINFO
SIGPIPE: [libjvm.dylib+0x491731], sa_mask[0]=11111111011111110111111111111111, sa_flags=SA_RESTART|SA_SIGINFO
SIGXFSZ: [libjvm.dylib+0x491731], sa_mask[0]=11111111011111110111111111111111, sa_flags=SA_RESTART|SA_SIGINFO
SIGILL: [libjvm.dylib+0x491731], sa_mask[0]=11111111011111110111111111111111, sa_flags=SA_RESTART|SA_SIGINFO
SIGUSR1: SIG_DFL, sa_mask[0]=00000000000000000000000000000000, sa_flags=none
SIGUSR2: [libjvm.dylib+0x49202a], sa_mask[0]=00100000000000000000000000000000, sa_flags=SA_RESTART|SA_SIGINFO
SIGHUP: [libjvm.dylib+0x490239], sa_mask[0]=11111111011111110111111111111111, sa_flags=SA_RESTART|SA_SIGINFO
SIGINT: [libjvm.dylib+0x490239], sa_mask[0]=11111111011111110111111111111111, sa_flags=SA_RESTART|SA_SIGINFO
SIGTERM: [libjvm.dylib+0x490239], sa_mask[0]=11111111011111110111111111111111, sa_flags=SA_RESTART|SA_SIGINFO
SIGQUIT: [libjvm.dylib+0x490239], sa_mask[0]=11111111011111110111111111111111, sa_flags=SA_RESTART|SA_SIGINFO


---------------  S Y S T E M  ---------------

OS:Bsduname:Darwin 19.5.0 Darwin Kernel Version 19.5.0: Tue May 26 20:41:44 PDT 2020; root:xnu-6153.121.2~2/RELEASE_X86_64 x86_64
rlimit: STACK 8192k, CORE 0k, NPROC 2784, NOFILE 10240, AS infinity
load average:2.93 2.49 2.22

CPU:total 8 (initial active 8) (4 cores per cpu, 2 threads per core) family 6 model 70 stepping 1, cmov, cx8, fxsr, mmx, sse, sse2, sse3, ssse3, sse4.1, sse4.2, popcnt, avx, avx2, aes, clmul, erms, lzcnt, ht, tsc, tscinvbit, bmi1, bmi2

Memory: 4k page, physical 16777216k(592884k free)

/proc/meminfo:


vm_info: Java HotSpot(TM) 64-Bit Server VM (25.271-b09) for bsd-amd64 JRE (1.8.0_271-b09), built on Sep 16 2020 16:54:38 by "java_re" with gcc 4.2.1 Compatible Apple LLVM 10.0.0 (clang-1000.11.45.5)

time: Sun Nov  8 15:23:22 2020
timezone: EET
elapsed time: 1391.564216 seconds (0d 0h 23m 11s)

